# JRE version: OpenJDK Runtime Environment Temurin-21.0.7+6 (21.0.7+6) (build 21.0.7+6-LTS)
# Java VM: OpenJDK 64-Bit Server VM Temurin-21.0.7+6 (21.0.7+6-LTS, mixed mode, sharing, tiered, compressed oops, compressed class ptrs, parallel gc, linux-amd64)
GC Precious Log:
 CardTable entry size: 512
 CPUs: 8 total, 8 available
 Memory: 15991M
 Large Page Support: Disabled
 NUMA Support: Disabled
 Compressed Oops: Enabled (32-bit)
 Alignments: Space 512K, Generation 512K, Heap 2M
 Heap Min Capacity: 100M
 Heap Initial Capacity: 100M
 Heap Max Capacity: 1G
 Pre-touch: Disabled
 Parallel Workers: 8
Heap:
 PSYoungGen      total 29696K, used 11712K [0x00000000eab00000, 0x00000000ecf80000, 0x0000000100000000)
  eden space 22016K, 19% used [0x00000000eab00000,0x00000000eaf404c8,0x00000000ec080000)
  from space 7680K, 95% used [0x00000000ec180000,0x00000000ec8afb60,0x00000000ec900000)
  to   space 6656K, 0% used [0x00000000ec900000,0x00000000ec900000,0x00000000ecf80000)
 ParOldGen       total 642560K, used 642103K [0x00000000c0000000, 0x00000000e7380000, 0x00000000eab00000)
  object space 642560K, 99% used [0x00000000c0000000,0x00000000e730dd00,0x00000000e7380000)
 Metaspace       used 69631K, committed 71232K, reserved 1114112K
  class space    used 7105K, committed 7808K, reserved 1048576K
GC Heap History (20 events):
Event: 426,627 GC heap before
{Heap before GC invocations=289 (full 3):
 PSYoungGen      total 23040K, used 22900K [0x00000000eab00000, 0x00000000ec800000, 0x0000000100000000)
  eden space 22016K, 100% used [0x00000000eab00000,0x00000000ec080000,0x00000000ec080000)
  from space 1024K, 86% used [0x00000000ec480000,0x00000000ec55d0f0,0x00000000ec580000)
  to   space 1536K, 0% used [0x00000000ec680000,0x00000000ec680000,0x00000000ec800000)
 ParOldGen       total 613376K, used 613310K [0x00000000c0000000, 0x00000000e5700000, 0x00000000eab00000)
  object space 613376K, 99% used [0x00000000c0000000,0x00000000e56efa90,0x00000000e5700000)
 Metaspace       used 69503K, committed 71040K, reserved 1114112K
  class space    used 7093K, committed 7744K, reserved 1048576K
}
Event: 426,637 GC heap after
{Heap after GC invocations=289 (full 3):
 PSYoungGen      total 23552K, used 1526K [0x00000000eab00000, 0x00000000ec800000, 0x0000000100000000)
  eden space 22016K, 0% used [0x00000000eab00000,0x00000000eab00000,0x00000000ec080000)
  from space 1536K, 99% used [0x00000000ec680000,0x00000000ec7fda38,0x00000000ec800000)
  to   space 2560K, 0% used [0x00000000ec300000,0x00000000ec300000,0x00000000ec580000)
 ParOldGen       total 614400K, used 614046K [0x00000000c0000000, 0x00000000e5800000, 0x00000000eab00000)
  object space 614400K, 99% used [0x00000000c0000000,0x00000000e57a7a90,0x00000000e5800000)
 Metaspace       used 69503K, committed 71040K, reserved 1114112K
  class space    used 7093K, committed 7744K, reserved 1048576K
}
Event: 426,747 GC heap before
{Heap before GC invocations=290 (full 3):
 PSYoungGen      total 23552K, used 23542K [0x00000000eab00000, 0x00000000ec800000, 0x0000000100000000)
  eden space 22016K, 100% used [0x00000000eab00000,0x00000000ec080000,0x00000000ec080000)
  from space 1536K, 99% used [0x00000000ec680000,0x00000000ec7fda38,0x00000000ec800000)
  to   space 2560K, 0% used [0x00000000ec300000,0x00000000ec300000,0x00000000ec580000)
 ParOldGen       total 614400K, used 614046K [0x00000000c0000000, 0x00000000e5800000, 0x00000000eab00000)
  object space 614400K, 99% used [0x00000000c0000000,0x00000000e57a7a90,0x00000000e5800000)
 Metaspace       used 69503K, committed 71040K, reserved 1114112K
  class space    used 7093K, committed 7744K, reserved 1048576K
}
Event: 426,763 GC heap after
{Heap after GC invocations=290 (full 3):
 PSYoungGen      total 24576K, used 1026K [0x00000000eab00000, 0x00000000ec700000, 0x0000000100000000)
  eden space 22016K, 0% used [0x00000000eab00000,0x00000000eab00000,0x00000000ec080000)
  from space 2560K, 40% used [0x00000000ec300000,0x00000000ec400900,0x00000000ec580000)
  to   space 1536K, 0% used [0x00000000ec580000,0x00000000ec580000,0x00000000ec700000)
 ParOldGen       total 615424K, used 614942K [0x00000000c0000000, 0x00000000e5900000, 0x00000000eab00000)
  object space 615424K, 99% used [0x00000000c0000000,0x00000000e5887a90,0x00000000e5900000)
 Metaspace       used 69503K, committed 71040K, reserved 1114112K
  class space    used 7093K, committed 7744K, reserved 1048576K
}
Event: 426,841 GC heap before
{Heap before GC invocations=291 (full 3):
 PSYoungGen      total 24576K, used 23042K [0x00000000eab00000, 0x00000000ec700000, 0x0000000100000000)
  eden space 22016K, 100% used [0x00000000eab00000,0x00000000ec080000,0x00000000ec080000)
  from space 2560K, 40% used [0x00000000ec300000,0x00000000ec400900,0x00000000ec580000)
  to   space 1536K, 0% used [0x00000000ec580000,0x00000000ec580000,0x00000000ec700000)
 ParOldGen       total 615424K, used 614942K [0x00000000c0000000, 0x00000000e5900000, 0x00000000eab00000)
  object space 615424K, 99% used [0x00000000c0000000,0x00000000e5887a90,0x00000000e5900000)
 Metaspace       used 69503K, committed 71040K, reserved 1114112K
  class space    used 7093K, committed 7744K, reserved 1048576K
}
Event: 426,849 GC heap after
{Heap after GC invocations=291 (full 3):
 PSYoungGen      total 23552K, used 1516K [0x00000000eab00000, 0x00000000ec880000, 0x0000000100000000)
  eden space 22016K, 0% used [0x00000000eab00000,0x00000000eab00000,0x00000000ec080000)
  from space 1536K, 98% used [0x00000000ec580000,0x00000000ec6fb008,0x00000000ec700000)
  to   space 4096K, 0% used [0x00000000ec080000,0x00000000ec080000,0x00000000ec480000)
 ParOldGen       total 616960K, used 616759K [0x00000000c0000000, 0x00000000e5a80000, 0x00000000eab00000)
  object space 616960K, 99% used [0x00000000c0000000,0x00000000e5a4def0,0x00000000e5a80000)
 Metaspace       used 69503K, committed 71040K, reserved 1114112K
  class space    used 7093K, committed 7744K, reserved 1048576K
}
Event: 426,971 GC heap before
{Heap before GC invocations=292 (full 3):
 PSYoungGen      total 23552K, used 23532K [0x00000000eab00000, 0x00000000ec880000, 0x0000000100000000)
  eden space 22016K, 100% used [0x00000000eab00000,0x00000000ec080000,0x00000000ec080000)
  from space 1536K, 98% used [0x00000000ec580000,0x00000000ec6fb008,0x00000000ec700000)
  to   space 4096K, 0% used [0x00000000ec080000,0x00000000ec080000,0x00000000ec480000)
 ParOldGen       total 616960K, used 616759K [0x00000000c0000000, 0x00000000e5a80000, 0x00000000eab00000)
  object space 616960K, 99% used [0x00000000c0000000,0x00000000e5a4def0,0x00000000e5a80000)
 Metaspace       used 69503K, committed 71040K, reserved 1114112K
  class space    used 7093K, committed 7744K, reserved 1048576K
}
Event: 426,984 GC heap after
{Heap after GC invocations=292 (full 3):
 PSYoungGen      total 25088K, used 2616K [0x00000000eab00000, 0x00000000ec680000, 0x0000000100000000)
  eden space 22016K, 0% used [0x00000000eab00000,0x00000000eab00000,0x00000000ec080000)
  from space 3072K, 85% used [0x00000000ec080000,0x00000000ec30e008,0x00000000ec380000)
  to   space 3072K, 0% used [0x00000000ec380000,0x00000000ec380000,0x00000000ec680000)
 ParOldGen       total 618496K, used 618199K [0x00000000c0000000, 0x00000000e5c00000, 0x00000000eab00000)
  object space 618496K, 99% used [0x00000000c0000000,0x00000000e5bb5ef0,0x00000000e5c00000)
 Metaspace       used 69503K, committed 71040K, reserved 1114112K
  class space    used 7093K, committed 7744K, reserved 1048576K
}
Event: 427,140 GC heap before
{Heap before GC invocations=293 (full 3):
 PSYoungGen      total 25088K, used 24632K [0x00000000eab00000, 0x00000000ec680000, 0x0000000100000000)
  eden space 22016K, 100% used [0x00000000eab00000,0x00000000ec080000,0x00000000ec080000)
  from space 3072K, 85% used [0x00000000ec080000,0x00000000ec30e008,0x00000000ec380000)
  to   space 3072K, 0% used [0x00000000ec380000,0x00000000ec380000,0x00000000ec680000)
 ParOldGen       total 618496K, used 618199K [0x00000000c0000000, 0x00000000e5c00000, 0x00000000eab00000)
  object space 618496K, 99% used [0x00000000c0000000,0x00000000e5bb5ef0,0x00000000e5c00000)
 Metaspace       used 69503K, committed 71040K, reserved 1114112K
  class space    used 7093K, committed 7744K, reserved 1048576K
}
Event: 427,156 GC heap after
{Heap after GC invocations=293 (full 3):
 PSYoungGen      total 24576K, used 2310K [0x00000000eab00000, 0x00000000ec600000, 0x0000000100000000)
  eden space 22016K, 0% used [0x00000000eab00000,0x00000000eab00000,0x00000000ec080000)
  from space 2560K, 90% used [0x00000000ec380000,0x00000000ec5c1bb8,0x00000000ec600000)
  to   space 2560K, 0% used [0x00000000ec100000,0x00000000ec100000,0x00000000ec380000)
 ParOldGen       total 621056K, used 620605K [0x00000000c0000000, 0x00000000e5e80000, 0x00000000eab00000)
  object space 621056K, 99% used [0x00000000c0000000,0x00000000e5e0f508,0x00000000e5e80000)
 Metaspace       used 69503K, committed 71040K, reserved 1114112K
  class space    used 7093K, committed 7744K, reserved 1048576K
}
Event: 427,287 GC heap before
{Heap before GC invocations=294 (full 3):
 PSYoungGen      total 24576K, used 24318K [0x00000000eab00000, 0x00000000ec600000, 0x0000000100000000)
  eden space 22016K, 99% used [0x00000000eab00000,0x00000000ec07dc80,0x00000000ec080000)
  from space 2560K, 90% used [0x00000000ec380000,0x00000000ec5c1bb8,0x00000000ec600000)
  to   space 2560K, 0% used [0x00000000ec100000,0x00000000ec100000,0x00000000ec380000)
 ParOldGen       total 621056K, used 620605K [0x00000000c0000000, 0x00000000e5e80000, 0x00000000eab00000)
  object space 621056K, 99% used [0x00000000c0000000,0x00000000e5e0f508,0x00000000e5e80000)
 Metaspace       used 69503K, committed 71040K, reserved 1114112K
  class space    used 7093K, committed 7744K, reserved 1048576K
}
Event: 427,300 GC heap after
{Heap after GC invocations=294 (full 3):
 PSYoungGen      total 24576K, used 2540K [0x00000000eab00000, 0x00000000ecb80000, 0x0000000100000000)
  eden space 22016K, 0% used [0x00000000eab00000,0x00000000eab00000,0x00000000ec080000)
  from space 2560K, 99% used [0x00000000ec100000,0x00000000ec37b008,0x00000000ec380000)
  to   space 5632K, 0% used [0x00000000ec600000,0x00000000ec600000,0x00000000ecb80000)
 ParOldGen       total 623104K, used 622849K [0x00000000c0000000, 0x00000000e6080000, 0x00000000eab00000)
  object space 623104K, 99% used [0x00000000c0000000,0x00000000e60404c0,0x00000000e6080000)
 Metaspace       used 69503K, committed 71040K, reserved 1114112K
  class space    used 7093K, committed 7744K, reserved 1048576K
}
Event: 427,487 GC heap before
{Heap before GC invocations=295 (full 3):
 PSYoungGen      total 24576K, used 24556K [0x00000000eab00000, 0x00000000ecb80000, 0x0000000100000000)
  eden space 22016K, 100% used [0x00000000eab00000,0x00000000ec080000,0x00000000ec080000)
  from space 2560K, 99% used [0x00000000ec100000,0x00000000ec37b008,0x00000000ec380000)
  to   space 5632K, 0% used [0x00000000ec600000,0x00000000ec600000,0x00000000ecb80000)
 ParOldGen       total 623104K, used 622849K [0x00000000c0000000, 0x00000000e6080000, 0x00000000eab00000)
  object space 623104K, 99% used [0x00000000c0000000,0x00000000e60404c0,0x00000000e6080000)
 Metaspace       used 69513K, committed 71040K, reserved 1114112K
  class space    used 7094K, committed 7744K, reserved 1048576K
}
Event: 427,500 GC heap after
{Heap after GC invocations=295 (full 3):
 PSYoungGen      total 25088K, used 2950K [0x00000000eab00000, 0x00000000ec900000, 0x0000000100000000)
  eden space 22016K, 0% used [0x00000000eab00000,0x00000000eab00000,0x00000000ec080000)
  from space 3072K, 96% used [0x00000000ec600000,0x00000000ec8e1a28,0x00000000ec900000)
  to   space 4096K, 0% used [0x00000000ec100000,0x00000000ec100000,0x00000000ec500000)
 ParOldGen       total 625664K, used 625261K [0x00000000c0000000, 0x00000000e6300000, 0x00000000eab00000)
  object space 625664K, 99% used [0x00000000c0000000,0x00000000e629b4c8,0x00000000e6300000)
 Metaspace       used 69513K, committed 71040K, reserved 1114112K
  class space    used 7094K, committed 7744K, reserved 1048576K
}
Event: 427,790 GC heap before
{Heap before GC invocations=296 (full 3):
 PSYoungGen      total 25088K, used 24901K [0x00000000eab00000, 0x00000000ec900000, 0x0000000100000000)
  eden space 22016K, 99% used [0x00000000eab00000,0x00000000ec06fab8,0x00000000ec080000)
  from space 3072K, 96% used [0x00000000ec600000,0x00000000ec8e1a28,0x00000000ec900000)
  to   space 4096K, 0% used [0x00000000ec100000,0x00000000ec100000,0x00000000ec500000)
 ParOldGen       total 625664K, used 625261K [0x00000000c0000000, 0x00000000e6300000, 0x00000000eab00000)
  object space 625664K, 99% used [0x00000000c0000000,0x00000000e629b4c8,0x00000000e6300000)
 Metaspace       used 69544K, committed 71040K, reserved 1114112K
  class space    used 7095K, committed 7744K, reserved 1048576K
}
Event: 427,805 GC heap after
{Heap after GC invocations=296 (full 3):
 PSYoungGen      total 26112K, used 4082K [0x00000000eab00000, 0x00000000ed580000, 0x0000000100000000)
  eden space 22016K, 0% used [0x00000000eab00000,0x00000000eab00000,0x00000000ec080000)
  from space 4096K, 99% used [0x00000000ec100000,0x00000000ec4fc968,0x00000000ec500000)
  to   space 10752K, 0% used [0x00000000ecb00000,0x00000000ecb00000,0x00000000ed580000)
 ParOldGen       total 630784K, used 630765K [0x00000000c0000000, 0x00000000e6800000, 0x00000000eab00000)
  object space 630784K, 99% used [0x00000000c0000000,0x00000000e67fb4c8,0x00000000e6800000)
 Metaspace       used 69544K, committed 71040K, reserved 1114112K
  class space    used 7095K, committed 7744K, reserved 1048576K
}
Event: 428,132 GC heap before
{Heap before GC invocations=297 (full 3):
 PSYoungGen      total 26112K, used 26098K [0x00000000eab00000, 0x00000000ed580000, 0x0000000100000000)
  eden space 22016K, 100% used [0x00000000eab00000,0x00000000ec080000,0x00000000ec080000)
  from space 4096K, 99% used [0x00000000ec100000,0x00000000ec4fc968,0x00000000ec500000)
  to   space 10752K, 0% used [0x00000000ecb00000,0x00000000ecb00000,0x00000000ed580000)
 ParOldGen       total 630784K, used 630765K [0x00000000c0000000, 0x00000000e6800000, 0x00000000eab00000)
  object space 630784K, 99% used [0x00000000c0000000,0x00000000e67fb4c8,0x00000000e6800000)
 Metaspace       used 69556K, committed 71104K, reserved 1114112K
  class space    used 7095K, committed 7744K, reserved 1048576K
}
Event: 428,157 GC heap after
{Heap after GC invocations=297 (full 3):
 PSYoungGen      total 29696K, used 7672K [0x00000000eab00000, 0x00000000ed280000, 0x0000000100000000)
  eden space 22016K, 0% used [0x00000000eab00000,0x00000000eab00000,0x00000000ec080000)
  from space 7680K, 99% used [0x00000000ecb00000,0x00000000ed27e040,0x00000000ed280000)
  to   space 8704K, 0% used [0x00000000ec180000,0x00000000ec180000,0x00000000eca00000)
 ParOldGen       total 634880K, used 634831K [0x00000000c0000000, 0x00000000e6c00000, 0x00000000eab00000)
  object space 634880K, 99% used [0x00000000c0000000,0x00000000e6bf3e28,0x00000000e6c00000)
 Metaspace       used 69556K, committed 71104K, reserved 1114112K
  class space    used 7095K, committed 7744K, reserved 1048576K
}
Event: 428,521 GC heap before
{Heap before GC invocations=298 (full 3):
 PSYoungGen      total 29696K, used 29688K [0x00000000eab00000, 0x00000000ed280000, 0x0000000100000000)
  eden space 22016K, 100% used [0x00000000eab00000,0x00000000ec080000,0x00000000ec080000)
  from space 7680K, 99% used [0x00000000ecb00000,0x00000000ed27e040,0x00000000ed280000)
  to   space 8704K, 0% used [0x00000000ec180000,0x00000000ec180000,0x00000000eca00000)
 ParOldGen       total 634880K, used 634831K [0x00000000c0000000, 0x00000000e6c00000, 0x00000000eab00000)
  object space 634880K, 99% used [0x00000000c0000000,0x00000000e6bf3e28,0x00000000e6c00000)
 Metaspace       used 69558K, committed 71104K, reserved 1114112K
  class space    used 7095K, committed 7744K, reserved 1048576K
}
Event: 428,546 GC heap after
{Heap after GC invocations=298 (full 3):
 PSYoungGen      total 29696K, used 7358K [0x00000000eab00000, 0x00000000ecf80000, 0x0000000100000000)
  eden space 22016K, 0% used [0x00000000eab00000,0x00000000eab00000,0x00000000ec080000)
  from space 7680K, 95% used [0x00000000ec180000,0x00000000ec8afb60,0x00000000ec900000)
  to   space 6656K, 0% used [0x00000000ec900000,0x00000000ec900000,0x00000000ecf80000)
 ParOldGen       total 642560K, used 642103K [0x00000000c0000000, 0x00000000e7380000, 0x00000000eab00000)
  object space 642560K, 99% used [0x00000000c0000000,0x00000000e730dd00,0x00000000e7380000)
 Metaspace       used 69558K, committed 71104K, reserved 1114112K
  class space    used 7095K, committed 7744K, reserved 1048576K
}

