# JRE version: OpenJDK Runtime Environment Temurin-21.0.7+6 (21.0.7+6) (build 21.0.7+6-LTS)
# Java VM: OpenJDK 64-Bit Server VM Temurin-21.0.7+6 (21.0.7+6-LTS, mixed mode, sharing, tiered, compressed oops, compressed class ptrs, parallel gc, linux-amd64)
GC Precious Log:
 CardTable entry size: 512
 CPUs: 8 total, 8 available
 Memory: 15991M
 Large Page Support: Disabled
 NUMA Support: Disabled
 Compressed Oops: Enabled (32-bit)
 Alignments: Space 512K, Generation 512K, Heap 2M
 Heap Min Capacity: 100M
 Heap Initial Capacity: 100M
 Heap Max Capacity: 1G
 Pre-touch: Disabled
 Parallel Workers: 8
Heap:
 PSYoungGen      total 14336K, used 14328K [0x00000000eab00000, 0x00000000ebf00000, 0x0000000100000000)
  eden space 12800K, 100% used [0x00000000eab00000,0x00000000eb780000,0x00000000eb780000)
  from space 1536K, 99% used [0x00000000eba80000,0x00000000ebbfe008,0x00000000ebc00000)
  to   space 3072K, 30% used [0x00000000eb780000,0x00000000eb868000,0x00000000eba80000)
 ParOldGen       total 638464K, used 638004K [0x00000000c0000000, 0x00000000e6f80000, 0x00000000eab00000)
  object space 638464K, 99% used [0x00000000c0000000,0x00000000e6f0d208,0x00000000e6f80000)
 Metaspace       used 72324K, committed 73920K, reserved 1179648K
  class space    used 7299K, committed 8000K, reserved 1048576K
GC Heap History (20 events):
Event: 796,241 GC heap after
{Heap after GC invocations=244 (full 3):
 PSYoungGen      total 13824K, used 1472K [0x00000000eab00000, 0x00000000ebc00000, 0x0000000100000000)
  eden space 11776K, 0% used [0x00000000eab00000,0x00000000eab00000,0x00000000eb680000)
  from space 2048K, 71% used [0x00000000eb680000,0x00000000eb7f0000,0x00000000eb880000)
  to   space 1536K, 0% used [0x00000000eba80000,0x00000000eba80000,0x00000000ebc00000)
 ParOldGen       total 628736K, used 628446K [0x00000000c0000000, 0x00000000e6600000, 0x00000000eab00000)
  object space 628736K, 99% used [0x00000000c0000000,0x00000000e65b7b60,0x00000000e6600000)
 Metaspace       used 72316K, committed 73920K, reserved 1179648K
  class space    used 7299K, committed 8000K, reserved 1048576K
}
Event: 796,286 GC heap before
{Heap before GC invocations=245 (full 3):
 PSYoungGen      total 13824K, used 13248K [0x00000000eab00000, 0x00000000ebc00000, 0x0000000100000000)
  eden space 11776K, 100% used [0x00000000eab00000,0x00000000eb680000,0x00000000eb680000)
  from space 2048K, 71% used [0x00000000eb680000,0x00000000eb7f0000,0x00000000eb880000)
  to   space 1536K, 0% used [0x00000000eba80000,0x00000000eba80000,0x00000000ebc00000)
 ParOldGen       total 628736K, used 628446K [0x00000000c0000000, 0x00000000e6600000, 0x00000000eab00000)
  object space 628736K, 99% used [0x00000000c0000000,0x00000000e65b7b60,0x00000000e6600000)
 Metaspace       used 72318K, committed 73920K, reserved 1179648K
  class space    used 7299K, committed 8000K, reserved 1048576K
}
Event: 796,291 GC heap after
{Heap after GC invocations=245 (full 3):
 PSYoungGen      total 12800K, used 768K [0x00000000eab00000, 0x00000000ebb80000, 0x0000000100000000)
  eden space 11776K, 0% used [0x00000000eab00000,0x00000000eab00000,0x00000000eb680000)
  from space 1024K, 75% used [0x00000000eba80000,0x00000000ebb40000,0x00000000ebb80000)
  to   space 1536K, 0% used [0x00000000eb880000,0x00000000eb880000,0x00000000eba00000)
 ParOldGen       total 630272K, used 629782K [0x00000000c0000000, 0x00000000e6780000, 0x00000000eab00000)
  object space 630272K, 99% used [0x00000000c0000000,0x00000000e6705b60,0x00000000e6780000)
 Metaspace       used 72318K, committed 73920K, reserved 1179648K
  class space    used 7299K, committed 8000K, reserved 1048576K
}
Event: 796,314 GC heap before
{Heap before GC invocations=246 (full 3):
 PSYoungGen      total 12800K, used 12544K [0x00000000eab00000, 0x00000000ebb80000, 0x0000000100000000)
  eden space 11776K, 100% used [0x00000000eab00000,0x00000000eb680000,0x00000000eb680000)
  from space 1024K, 75% used [0x00000000eba80000,0x00000000ebb40000,0x00000000ebb80000)
  to   space 1536K, 0% used [0x00000000eb880000,0x00000000eb880000,0x00000000eba00000)
 ParOldGen       total 630272K, used 629782K [0x00000000c0000000, 0x00000000e6780000, 0x00000000eab00000)
  object space 630272K, 99% used [0x00000000c0000000,0x00000000e6705b60,0x00000000e6780000)
 Metaspace       used 72319K, committed 73920K, reserved 1179648K
  class space    used 7299K, committed 8000K, reserved 1048576K
}
Event: 796,316 GC heap after
{Heap after GC invocations=246 (full 3):
 PSYoungGen      total 13312K, used 930K [0x00000000eab00000, 0x00000000ebb00000, 0x0000000100000000)
  eden space 11776K, 0% used [0x00000000eab00000,0x00000000eab00000,0x00000000eb680000)
  from space 1536K, 60% used [0x00000000eb880000,0x00000000eb968940,0x00000000eba00000)
  to   space 1024K, 0% used [0x00000000eba00000,0x00000000eba00000,0x00000000ebb00000)
 ParOldGen       total 630272K, used 630094K [0x00000000c0000000, 0x00000000e6780000, 0x00000000eab00000)
  object space 630272K, 99% used [0x00000000c0000000,0x00000000e6753b60,0x00000000e6780000)
 Metaspace       used 72319K, committed 73920K, reserved 1179648K
  class space    used 7299K, committed 8000K, reserved 1048576K
}
Event: 796,348 GC heap before
{Heap before GC invocations=247 (full 3):
 PSYoungGen      total 13312K, used 12706K [0x00000000eab00000, 0x00000000ebb00000, 0x0000000100000000)
  eden space 11776K, 100% used [0x00000000eab00000,0x00000000eb680000,0x00000000eb680000)
  from space 1536K, 60% used [0x00000000eb880000,0x00000000eb968940,0x00000000eba00000)
  to   space 1024K, 0% used [0x00000000eba00000,0x00000000eba00000,0x00000000ebb00000)
 ParOldGen       total 630272K, used 630094K [0x00000000c0000000, 0x00000000e6780000, 0x00000000eab00000)
  object space 630272K, 99% used [0x00000000c0000000,0x00000000e6753b60,0x00000000e6780000)
 Metaspace       used 72319K, committed 73920K, reserved 1179648K
  class space    used 7299K, committed 8000K, reserved 1048576K
}
Event: 796,362 GC heap after
{Heap after GC invocations=247 (full 3):
 PSYoungGen      total 12800K, used 1024K [0x00000000eab00000, 0x00000000ebb00000, 0x0000000100000000)
  eden space 11776K, 0% used [0x00000000eab00000,0x00000000eab00000,0x00000000eb680000)
  from space 1024K, 100% used [0x00000000eba00000,0x00000000ebb00000,0x00000000ebb00000)
  to   space 1536K, 0% used [0x00000000eb800000,0x00000000eb800000,0x00000000eb980000)
 ParOldGen       total 630784K, used 630422K [0x00000000c0000000, 0x00000000e6800000, 0x00000000eab00000)
  object space 630784K, 99% used [0x00000000c0000000,0x00000000e67a5b60,0x00000000e6800000)
 Metaspace       used 72319K, committed 73920K, reserved 1179648K
  class space    used 7299K, committed 8000K, reserved 1048576K
}
Event: 796,440 GC heap before
{Heap before GC invocations=248 (full 3):
 PSYoungGen      total 12800K, used 12800K [0x00000000eab00000, 0x00000000ebb00000, 0x0000000100000000)
  eden space 11776K, 100% used [0x00000000eab00000,0x00000000eb680000,0x00000000eb680000)
  from space 1024K, 100% used [0x00000000eba00000,0x00000000ebb00000,0x00000000ebb00000)
  to   space 1536K, 0% used [0x00000000eb800000,0x00000000eb800000,0x00000000eb980000)
 ParOldGen       total 630784K, used 630422K [0x00000000c0000000, 0x00000000e6800000, 0x00000000eab00000)
  object space 630784K, 99% used [0x00000000c0000000,0x00000000e67a5b60,0x00000000e6800000)
 Metaspace       used 72319K, committed 73920K, reserved 1179648K
  class space    used 7299K, committed 8000K, reserved 1048576K
}
Event: 796,450 GC heap after
{Heap after GC invocations=248 (full 3):
 PSYoungGen      total 13312K, used 512K [0x00000000eab00000, 0x00000000eba80000, 0x0000000100000000)
  eden space 11776K, 0% used [0x00000000eab00000,0x00000000eab00000,0x00000000eb680000)
  from space 1536K, 33% used [0x00000000eb800000,0x00000000eb880000,0x00000000eb980000)
  to   space 1024K, 0% used [0x00000000eb980000,0x00000000eb980000,0x00000000eba80000)
 ParOldGen       total 630784K, used 630638K [0x00000000c0000000, 0x00000000e6800000, 0x00000000eab00000)
  object space 630784K, 99% used [0x00000000c0000000,0x00000000e67dbb60,0x00000000e6800000)
 Metaspace       used 72319K, committed 73920K, reserved 1179648K
  class space    used 7299K, committed 8000K, reserved 1048576K
}
Event: 796,504 GC heap before
{Heap before GC invocations=249 (full 3):
 PSYoungGen      total 13312K, used 12288K [0x00000000eab00000, 0x00000000eba80000, 0x0000000100000000)
  eden space 11776K, 100% used [0x00000000eab00000,0x00000000eb680000,0x00000000eb680000)
  from space 1536K, 33% used [0x00000000eb800000,0x00000000eb880000,0x00000000eb980000)
  to   space 1024K, 0% used [0x00000000eb980000,0x00000000eb980000,0x00000000eba80000)
 ParOldGen       total 630784K, used 630638K [0x00000000c0000000, 0x00000000e6800000, 0x00000000eab00000)
  object space 630784K, 99% used [0x00000000c0000000,0x00000000e67dbb60,0x00000000e6800000)
 Metaspace       used 72321K, committed 73920K, reserved 1179648K
  class space    used 7299K, committed 8000K, reserved 1048576K
}
Event: 796,513 GC heap after
{Heap after GC invocations=249 (full 3):
 PSYoungGen      total 12800K, used 1004K [0x00000000eab00000, 0x00000000eba80000, 0x0000000100000000)
  eden space 11776K, 0% used [0x00000000eab00000,0x00000000eab00000,0x00000000eb680000)
  from space 1024K, 98% used [0x00000000eb980000,0x00000000eba7b330,0x00000000eba80000)
  to   space 2048K, 0% used [0x00000000eb680000,0x00000000eb680000,0x00000000eb880000)
 ParOldGen       total 631296K, used 631142K [0x00000000c0000000, 0x00000000e6880000, 0x00000000eab00000)
  object space 631296K, 99% used [0x00000000c0000000,0x00000000e6859b60,0x00000000e6880000)
 Metaspace       used 72321K, committed 73920K, reserved 1179648K
  class space    used 7299K, committed 8000K, reserved 1048576K
}
Event: 796,545 GC heap before
{Heap before GC invocations=250 (full 3):
 PSYoungGen      total 12800K, used 12780K [0x00000000eab00000, 0x00000000eba80000, 0x0000000100000000)
  eden space 11776K, 100% used [0x00000000eab00000,0x00000000eb680000,0x00000000eb680000)
  from space 1024K, 98% used [0x00000000eb980000,0x00000000eba7b330,0x00000000eba80000)
  to   space 2048K, 0% used [0x00000000eb680000,0x00000000eb680000,0x00000000eb880000)
 ParOldGen       total 631296K, used 631142K [0x00000000c0000000, 0x00000000e6880000, 0x00000000eab00000)
  object space 631296K, 99% used [0x00000000c0000000,0x00000000e6859b60,0x00000000e6880000)
 Metaspace       used 72323K, committed 73920K, reserved 1179648K
  class space    used 7299K, committed 8000K, reserved 1048576K
}
Event: 796,563 GC heap after
{Heap after GC invocations=250 (full 3):
 PSYoungGen      total 13824K, used 1750K [0x00000000eab00000, 0x00000000eba80000, 0x0000000100000000)
  eden space 11776K, 0% used [0x00000000eab00000,0x00000000eab00000,0x00000000eb680000)
  from space 2048K, 85% used [0x00000000eb680000,0x00000000eb835808,0x00000000eb880000)
  to   space 2048K, 0% used [0x00000000eb880000,0x00000000eb880000,0x00000000eba80000)
 ParOldGen       total 632320K, used 632058K [0x00000000c0000000, 0x00000000e6980000, 0x00000000eab00000)
  object space 632320K, 99% used [0x00000000c0000000,0x00000000e693ebe8,0x00000000e6980000)
 Metaspace       used 72323K, committed 73920K, reserved 1179648K
  class space    used 7299K, committed 8000K, reserved 1048576K
}
Event: 796,597 GC heap before
{Heap before GC invocations=251 (full 3):
 PSYoungGen      total 13824K, used 13526K [0x00000000eab00000, 0x00000000eba80000, 0x0000000100000000)
  eden space 11776K, 100% used [0x00000000eab00000,0x00000000eb680000,0x00000000eb680000)
  from space 2048K, 85% used [0x00000000eb680000,0x00000000eb835808,0x00000000eb880000)
  to   space 2048K, 0% used [0x00000000eb880000,0x00000000eb880000,0x00000000eba80000)
 ParOldGen       total 632320K, used 632058K [0x00000000c0000000, 0x00000000e6980000, 0x00000000eab00000)
  object space 632320K, 99% used [0x00000000c0000000,0x00000000e693ebe8,0x00000000e6980000)
 Metaspace       used 72323K, committed 73920K, reserved 1179648K
  class space    used 7299K, committed 8000K, reserved 1048576K
}
Event: 796,609 GC heap after
{Heap after GC invocations=251 (full 3):
 PSYoungGen      total 13824K, used 1644K [0x00000000eab00000, 0x00000000eba80000, 0x0000000100000000)
  eden space 11776K, 0% used [0x00000000eab00000,0x00000000eab00000,0x00000000eb680000)
  from space 2048K, 80% used [0x00000000eb880000,0x00000000eba1b008,0x00000000eba80000)
  to   space 2048K, 0% used [0x00000000eb680000,0x00000000eb680000,0x00000000eb880000)
 ParOldGen       total 633856K, used 633666K [0x00000000c0000000, 0x00000000e6b00000, 0x00000000eab00000)
  object space 633856K, 99% used [0x00000000c0000000,0x00000000e6ad0be8,0x00000000e6b00000)
 Metaspace       used 72323K, committed 73920K, reserved 1179648K
  class space    used 7299K, committed 8000K, reserved 1048576K
}
Event: 796,642 GC heap before
{Heap before GC invocations=252 (full 3):
 PSYoungGen      total 13824K, used 13420K [0x00000000eab00000, 0x00000000eba80000, 0x0000000100000000)
  eden space 11776K, 100% used [0x00000000eab00000,0x00000000eb680000,0x00000000eb680000)
  from space 2048K, 80% used [0x00000000eb880000,0x00000000eba1b008,0x00000000eba80000)
  to   space 2048K, 0% used [0x00000000eb680000,0x00000000eb680000,0x00000000eb880000)
 ParOldGen       total 633856K, used 633666K [0x00000000c0000000, 0x00000000e6b00000, 0x00000000eab00000)
  object space 633856K, 99% used [0x00000000c0000000,0x00000000e6ad0be8,0x00000000e6b00000)
 Metaspace       used 72323K, committed 73920K, reserved 1179648K
  class space    used 7299K, committed 8000K, reserved 1048576K
}
Event: 796,667 GC heap after
{Heap after GC invocations=252 (full 3):
 PSYoungGen      total 13824K, used 1376K [0x00000000eab00000, 0x00000000ebc00000, 0x0000000100000000)
  eden space 11776K, 0% used [0x00000000eab00000,0x00000000eab00000,0x00000000eb680000)
  from space 2048K, 67% used [0x00000000eb680000,0x00000000eb7d8000,0x00000000eb880000)
  to   space 1536K, 0% used [0x00000000eba80000,0x00000000eba80000,0x00000000ebc00000)
 ParOldGen       total 635392K, used 635270K [0x00000000c0000000, 0x00000000e6c80000, 0x00000000eab00000)
  object space 635392K, 99% used [0x00000000c0000000,0x00000000e6c61bf0,0x00000000e6c80000)
 Metaspace       used 72323K, committed 73920K, reserved 1179648K
  class space    used 7299K, committed 8000K, reserved 1048576K
}
Event: 796,713 GC heap before
{Heap before GC invocations=253 (full 3):
 PSYoungGen      total 13824K, used 13152K [0x00000000eab00000, 0x00000000ebc00000, 0x0000000100000000)
  eden space 11776K, 100% used [0x00000000eab00000,0x00000000eb680000,0x00000000eb680000)
  from space 2048K, 67% used [0x00000000eb680000,0x00000000eb7d8000,0x00000000eb880000)
  to   space 1536K, 0% used [0x00000000eba80000,0x00000000eba80000,0x00000000ebc00000)
 ParOldGen       total 635392K, used 635270K [0x00000000c0000000, 0x00000000e6c80000, 0x00000000eab00000)
  object space 635392K, 99% used [0x00000000c0000000,0x00000000e6c61bf0,0x00000000e6c80000)
 Metaspace       used 72323K, committed 73920K, reserved 1179648K
  class space    used 7299K, committed 8000K, reserved 1048576K
}
Event: 796,779 GC heap after
{Heap after GC invocations=253 (full 3):
 PSYoungGen      total 14336K, used 1528K [0x00000000eab00000, 0x00000000ebf00000, 0x0000000100000000)
  eden space 12800K, 0% used [0x00000000eab00000,0x00000000eab00000,0x00000000eb780000)
  from space 1536K, 99% used [0x00000000eba80000,0x00000000ebbfe008,0x00000000ebc00000)
  to   space 3072K, 0% used [0x00000000eb780000,0x00000000eb780000,0x00000000eba80000)
 ParOldGen       total 636928K, used 636508K [0x00000000c0000000, 0x00000000e6e00000, 0x00000000eab00000)
  object space 636928K, 99% used [0x00000000c0000000,0x00000000e6d97200,0x00000000e6e00000)
 Metaspace       used 72323K, committed 73920K, reserved 1179648K
  class space    used 7299K, committed 8000K, reserved 1048576K
}
Event: 953,590 GC heap before
{Heap before GC invocations=254 (full 3):
 PSYoungGen      total 14336K, used 14328K [0x00000000eab00000, 0x00000000ebf00000, 0x0000000100000000)
  eden space 12800K, 100% used [0x00000000eab00000,0x00000000eb780000,0x00000000eb780000)
  from space 1536K, 99% used [0x00000000eba80000,0x00000000ebbfe008,0x00000000ebc00000)
  to   space 3072K, 0% used [0x00000000eb780000,0x00000000eb780000,0x00000000eba80000)
 ParOldGen       total 636928K, used 636508K [0x00000000c0000000, 0x00000000e6e00000, 0x00000000eab00000)
  object space 636928K, 99% used [0x00000000c0000000,0x00000000e6d97200,0x00000000e6e00000)
 Metaspace       used 72324K, committed 73920K, reserved 1179648K
  class space    used 7299K, committed 8000K, reserved 1048576K
}

